Arguments: 
  C:\Program Files\nodejs\node.exe C:\Program Files (x86)\Yarn\bin\yarn.js add --dev @router

PATH: 
  C:\ProgramData\DockerDesktop\version-bin;C:\Program Files\Docker\Docker\Resources\bin;C:\Program Files\Python35\Scripts\;C:\Program Files\Python35\;C:\Program Files (x86)\Intel\Intel(R) Management Engine Components\iCLS\;C:\Program Files\Intel\Intel(R) Management Engine Components\iCLS\;C:\Windows\system32;C:\Windows;C:\Windows\System32\Wbem;C:\Windows\System32\WindowsPowerShell\v1.0\;C:\Windows\System32\OpenSSH\;C:\Program Files (x86)\NVIDIA Corporation\PhysX\Common;C:\Program Files\Intel\WiFi\bin\;C:\Program Files\Common Files\Intel\WirelessCommon\;C:\Program Files (x86)\Intel\Intel(R) Management Engine Components\DAL;C:\Program Files\Intel\Intel(R) Management Engine Components\DAL;C:\Program Files (x86)\Intel\Intel(R) Management Engine Components\IPT;C:\Program Files\Intel\Intel(R) Management Engine Components\IPT;C:\Program Files\Zulu\zulu-8\bin\;C:\Program Files\Microsoft SQL Server\130\Tools\Binn\;C:\Program Files\Git\cmd;C:\Program Files\nodejs\;C:\Program Files (x86)\Yarn\bin\;C:\Users\multicampus\AppData\Local\Microsoft\WindowsApps;C:\Users\multicampus\AppData\Roaming\npm;C:\Users\multicampus\AppData\Local\Yarn\bin;C:\Users\multicampus\AppData\Local\Programs\Microsoft VS Code\bin

Yarn version: 
  1.21.1

Node version: 
  12.14.1

Platform: 
  win32 x64

Trace: 
  Error: https://registry.yarnpkg.com/@router: Request "https://registry.yarnpkg.com/@router" returned a 405
      at Request.params.callback [as _callback] (C:\Program Files (x86)\Yarn\lib\cli.js:66065:18)
      at Request.self.callback (C:\Program Files (x86)\Yarn\lib\cli.js:140665:22)
      at Request.emit (events.js:223:5)
      at Request.<anonymous> (C:\Program Files (x86)\Yarn\lib\cli.js:141637:10)
      at Request.emit (events.js:223:5)
      at IncomingMessage.<anonymous> (C:\Program Files (x86)\Yarn\lib\cli.js:141559:12)
      at Object.onceWrapper (events.js:312:28)
      at IncomingMessage.emit (events.js:228:7)
      at endReadableNT (_stream_readable.js:1185:12)
      at processTicksAndRejections (internal/process/task_queues.js:81:21)

npm manifest: 
  {
      "name": "saffy_vue",
      "version": "0.1.0",
      "private": true,
      "scripts": {
          "serve": "vue-cli-service serve",
          "build": "vue-cli-service build",
          "test:unit": "jest --no-cache",
          "lint": "vue-cli-service lint",
          "test": "jest"
      },
      "dependencies": {
          "@fortawesome/fontawesome-free": "^5.8.2",
          "@vue/eslint-config-prettier": "^6.0.0",
          "axios": "^0.19.2",
          "babel-eslint": "^10.0.3",
          "babel-preset-env": "^1.7.0",
          "core-js": "^3.4.4",
          "email-validator": "^2.0.4",
          "eslint-config-prettier": "6.10.0",
          "local-lib": "^0.1.0",
          "node-sass": "^4.13.1",
          "password-validator": "^5.0.3",
          "roboto-fontface": "*",
          "sass-loader": "^8.0.2",
          "sweetalert2": "^9.7.1",
          "vue": "^2.6.10",
          "vue-material": "^1.0.0-beta-11",
          "vue-router": "^3.1.5",
          "vue-simple-alert": "^1.1.1",
          "vuex": "^3.1.2"
      },
      "devDependencies": {
          "@babel/core": " ^ 7.0.0 ",
          "@babel/preset-env": "^7.8.3",
          "@mdi/font": "^4.8.95",
          "@vue/cli-plugin-babel": "^4.1.0",
          "@vue/cli-plugin-eslint": "^4.1.0",
          "@vue/cli-service": "^4.1.0",
          "@vue/test-utils": "^1.0.0-beta.30",
          "babel-core": "^6.26.3",
          "babel-eslint": "^10.0.3",
          "babel-jest": "25.1.0",
          "babel-preset-jest": "^25.0.0",
          "eslint": "^6.8.0",
          "eslint-plugin-import": "^2.19.1",
          "eslint-plugin-node": "11.0.0",
          "eslint-plugin-prettier": "^3.1.2",
          "eslint-plugin-promise": "^4.2.1",
          "eslint-plugin-standard": "^4.0.1",
          "eslint-plugin-vue": "^6.1.2",
          "jest": "25.1.0",
          "jest-transform-stub": "^2.0.0",
          "prettier": "1.19.1",
          "sass": "^1.19.0",
          "sass-loader": "^8.0.2",
          "vue-jest": "^3.0.5",
          "vue-template-compiler": "^2.6.10",
          "vue-test-utils": "^1.0.0-beta.11",
          "webpack": "^4.41.5"
      },
      "eslintConfig": {
          "root": true,
          "env": {
              "node": true,
              "jest": true
          },
          "extends": [
              "plugin:vue/essential",
              "eslint:recommended"
          ],
          "rules": {
              "no-console": "off",
              "no-unused-vars": "off"
          },
          "parserOptions": {
              "parser": "babel-eslint"
          }
      },
      "browserslist": [
          "> 1%",
          "last 2 versions"
      ]
  }

yarn manifest: 
  No manifest

Lockfile: 
  No lockfile
